  ADDR  |  HEX  |      BINARY      |  LN  |  ASSEMBLY
        |       |                  |    1 |         .ORIG x3001
 x3001  | xE802 | 1110100000000010 |    2 |         LEA R4 message
        |       |                  |    3 | 
 x3002  | xF031 | 1111000000110001 |    4 |         TRAP 0x31
 x3003  | xF025 | 1111000000100101 |    5 |         HALT
 x3004  | x0050 | 0000000001010000 |    6 | message .STRINGZ "Player position"
        | x006C | 0000000001101100 |      |
        | x0061 | 0000000001100001 |      |
        | x0079 | 0000000001111001 |      |
        | x0065 | 0000000001100101 |      |
        | x0072 | 0000000001110010 |      |
        | x0020 | 0000000000100000 |      |
        | x0070 | 0000000001110000 |      |
        | x006F | 0000000001101111 |      |
        | x0073 | 0000000001110011 |      |
        | x0069 | 0000000001101001 |      |
        | x0074 | 0000000001110100 |      |
        | x0069 | 0000000001101001 |      |
        | x006F | 0000000001101111 |      |
        | x006E | 0000000001101110 |      |
        | x0000 | 0000000000000000 |      |
        |       |                  |    7 |         .END
        |       |                  |    8 | 
        |       |                  |    9 | 
        |       |                  |   10 | 
        |       |                  |   11 | 
        |       |                  |   12 | ;         .ORIG x3000
        |       |                  |   13 | ;         LEA R3 MCStr
        |       |                  |   14 | ;         TRAP 0x30
        |       |                  |   15 | ;         HALT
        |       |                  |   16 | ; MCStr   .STRINGZ "Hello Minecraft!!"
        |       |                  |   17 | ;         .END