  ADDR  |  HEX  |      BINARY      |  LN  |  ASSEMBLY
        |       |                  |    1 |         .ORIG x3000
 x3000  | xE602 | 1110011000000010 |    2 |         LEA R3 MCStr
 x3001  | xF030 | 1111000000110000 |    3 |         TRAP 0x30
 x3002  | xF025 | 1111000000100101 |    4 |         HALT
 x3003  | x0048 | 0000000001001000 |    5 | MCStr   .STRINGZ "Hello Minecraft!!"
        | x0065 | 0000000001100101 |      |
        | x006C | 0000000001101100 |      |
        | x006C | 0000000001101100 |      |
        | x006F | 0000000001101111 |      |
        | x0020 | 0000000000100000 |      |
        | x004D | 0000000001001101 |      |
        | x0069 | 0000000001101001 |      |
        | x006E | 0000000001101110 |      |
        | x0065 | 0000000001100101 |      |
        | x0063 | 0000000001100011 |      |
        | x0072 | 0000000001110010 |      |
        | x0061 | 0000000001100001 |      |
        | x0066 | 0000000001100110 |      |
        | x0074 | 0000000001110100 |      |
        | x0021 | 0000000000100001 |      |
        | x0021 | 0000000000100001 |      |
        | x0000 | 0000000000000000 |      |
        |       |                  |    6 |         .END